<?xml version="1.0" encoding="UTF-8"?>
<testsuite name="HelloWorldTest" tests="1" skipped="0" failures="0" errors="0" timestamp="2021-06-13T17:01:25" hostname="DESKTOP-B01DO58" time="0.016">
  <properties/>
  <testcase name="helloWorldTest" classname="HelloWorldTest" time="0.016"/>
  <system-out><![CDATA[]]></system-out>
  <system-err><![CDATA[]]></system-err>
</testsuite>
